<?xml version="1.0" encoding="UTF-8"?>
<!-- Generated by org.testng.reporters.JUnitReportReporter -->
<testsuite hostname="Apples-MacBook-Air-3.local" failures="0" tests="3" name="testCases.testCase02" time="0.669" errors="0" timestamp="2024-06-28T19:37:04 IST" skipped="0">
  <testcase classname="testCases.testCase02" name="testBrandsCategory" time="0.571"/>
  <system-out/>
  <testcase classname="testCases.testCase02" name="testForYouCategory" time="0.052"/>
  <system-out/>
  <testcase classname="testCases.testCase02" name="testTiraRedCategory" time="0.046"/>
  <system-out/>
</testsuite> <!-- testCases.testCase02 -->
